<?xml version="1.0" encoding="UTF-8"?>
<!-- Generated by org.testng.reporters.JUnitXMLReporter -->
<testsuite ignored="0" hostname="DESKTOP-KS9RLL6" failures="0" tests="10" name="Default test" time="1.749" errors="0" timestamp="2021-05-30T00:03:40 IST">
  <testcase classname="com.vtiger.testScript.DemoDataProvider" name="loginToApp" time="0.008"/>
  <testcase classname="com.vtiger.testScript.DemoDataProvider" name="loginToApp" time="0.003"/>
  <testcase classname="com.vtiger.testScript.DemoDataProvider" name="loginToApp" time="0.01"/>
  <testcase classname="com.vtiger.testScript.DemoDataProvider" name="loginToApp" time="0.01"/>
  <testcase classname="com.vtiger.testScript.DemoDataProvider" name="loginToApp" time="0.004"/>
  <testcase classname="com.vtiger.testScript.DemoDataProvider" name="loginToApp" time="0.003"/>
  <testcase classname="com.vtiger.testScript.DemoDataProvider" name="loginToApp" time="0.006"/>
  <testcase classname="com.vtiger.testScript.DemoDataProvider" name="loginToApp" time="0.003"/>
  <testcase classname="com.vtiger.testScript.DemoDataProvider" name="loginToApp" time="0.004"/>
  <testcase classname="com.vtiger.testScript.DemoDataProvider" name="loginToApp" time="0.001"/>
</testsuite> <!-- Default test -->
