<?xml version="1.0" encoding="UTF-8"?>
<testng-results ignored="0" total="10" passed="10" failed="0" skipped="0">
  <reporter-output>
  </reporter-output>
  <suite started-at="2021-05-30T00:03:39 IST" name="Default suite" finished-at="2021-05-30T00:03:40 IST" duration-ms="1749">
    <groups>
    </groups>
    <test started-at="2021-05-30T00:03:39 IST" name="Default test" finished-at="2021-05-30T00:03:40 IST" duration-ms="1749">
      <class name="com.vtiger.testScript.DemoDataProvider">
        <test-method signature="loginToApp(java.lang.String, java.lang.String)[pri:0, instance:com.vtiger.testScript.DemoDataProvider@4313f5bc]" started-at="2021-05-30T00:03:40 IST" name="loginToApp" data-provider="provideCredentials" finished-at="2021-05-30T00:03:40 IST" duration-ms="8" status="PASS">
          <params>
            <param index="0">
              <value>
                <![CDATA[admin1]]>
              </value>
            </param>
            <param index="1">
              <value>
                <![CDATA[manager1]]>
              </value>
            </param>
          </params>
          <reporter-output>
          </reporter-output>
        </test-method> <!-- loginToApp -->
        <test-method signature="loginToApp(java.lang.String, java.lang.String)[pri:0, instance:com.vtiger.testScript.DemoDataProvider@4313f5bc]" started-at="2021-05-30T00:03:40 IST" name="loginToApp" data-provider="provideCredentials" finished-at="2021-05-30T00:03:40 IST" duration-ms="3" status="PASS">
          <params>
            <param index="0">
              <value>
                <![CDATA[admin2]]>
              </value>
            </param>
            <param index="1">
              <value>
                <![CDATA[manager2]]>
              </value>
            </param>
          </params>
          <reporter-output>
          </reporter-output>
        </test-method> <!-- loginToApp -->
        <test-method signature="loginToApp(java.lang.String, java.lang.String)[pri:0, instance:com.vtiger.testScript.DemoDataProvider@4313f5bc]" started-at="2021-05-30T00:03:40 IST" name="loginToApp" data-provider="provideCredentials" finished-at="2021-05-30T00:03:40 IST" duration-ms="10" status="PASS">
          <params>
            <param index="0">
              <value>
                <![CDATA[admin3]]>
              </value>
            </param>
            <param index="1">
              <value>
                <![CDATA[manager3]]>
              </value>
            </param>
          </params>
          <reporter-output>
          </reporter-output>
        </test-method> <!-- loginToApp -->
        <test-method signature="loginToApp(java.lang.String, java.lang.String)[pri:0, instance:com.vtiger.testScript.DemoDataProvider@4313f5bc]" started-at="2021-05-30T00:03:40 IST" name="loginToApp" data-provider="provideCredentials" finished-at="2021-05-30T00:03:40 IST" duration-ms="10" status="PASS">
          <params>
            <param index="0">
              <value>
                <![CDATA[admin4]]>
              </value>
            </param>
            <param index="1">
              <value>
                <![CDATA[manager4]]>
              </value>
            </param>
          </params>
          <reporter-output>
          </reporter-output>
        </test-method> <!-- loginToApp -->
        <test-method signature="loginToApp(java.lang.String, java.lang.String)[pri:0, instance:com.vtiger.testScript.DemoDataProvider@4313f5bc]" started-at="2021-05-30T00:03:40 IST" name="loginToApp" data-provider="provideCredentials" finished-at="2021-05-30T00:03:40 IST" duration-ms="4" status="PASS">
          <params>
            <param index="0">
              <value>
                <![CDATA[admin5]]>
              </value>
            </param>
            <param index="1">
              <value>
                <![CDATA[manager5]]>
              </value>
            </param>
          </params>
          <reporter-output>
          </reporter-output>
        </test-method> <!-- loginToApp -->
        <test-method signature="loginToApp(java.lang.String, java.lang.String)[pri:0, instance:com.vtiger.testScript.DemoDataProvider@4313f5bc]" started-at="2021-05-30T00:03:40 IST" name="loginToApp" data-provider="provideCredentials" finished-at="2021-05-30T00:03:40 IST" duration-ms="3" status="PASS">
          <params>
            <param index="0">
              <value>
                <![CDATA[admin6]]>
              </value>
            </param>
            <param index="1">
              <value>
                <![CDATA[manager6]]>
              </value>
            </param>
          </params>
          <reporter-output>
          </reporter-output>
        </test-method> <!-- loginToApp -->
        <test-method signature="loginToApp(java.lang.String, java.lang.String)[pri:0, instance:com.vtiger.testScript.DemoDataProvider@4313f5bc]" started-at="2021-05-30T00:03:40 IST" name="loginToApp" data-provider="provideCredentials" finished-at="2021-05-30T00:03:40 IST" duration-ms="6" status="PASS">
          <params>
            <param index="0">
              <value>
                <![CDATA[admin7]]>
              </value>
            </param>
            <param index="1">
              <value>
                <![CDATA[manager7]]>
              </value>
            </param>
          </params>
          <reporter-output>
          </reporter-output>
        </test-method> <!-- loginToApp -->
        <test-method signature="loginToApp(java.lang.String, java.lang.String)[pri:0, instance:com.vtiger.testScript.DemoDataProvider@4313f5bc]" started-at="2021-05-30T00:03:40 IST" name="loginToApp" data-provider="provideCredentials" finished-at="2021-05-30T00:03:40 IST" duration-ms="3" status="PASS">
          <params>
            <param index="0">
              <value>
                <![CDATA[admin8]]>
              </value>
            </param>
            <param index="1">
              <value>
                <![CDATA[manager8]]>
              </value>
            </param>
          </params>
          <reporter-output>
          </reporter-output>
        </test-method> <!-- loginToApp -->
        <test-method signature="loginToApp(java.lang.String, java.lang.String)[pri:0, instance:com.vtiger.testScript.DemoDataProvider@4313f5bc]" started-at="2021-05-30T00:03:40 IST" name="loginToApp" data-provider="provideCredentials" finished-at="2021-05-30T00:03:40 IST" duration-ms="4" status="PASS">
          <params>
            <param index="0">
              <value>
                <![CDATA[admin9]]>
              </value>
            </param>
            <param index="1">
              <value>
                <![CDATA[manager9]]>
              </value>
            </param>
          </params>
          <reporter-output>
          </reporter-output>
        </test-method> <!-- loginToApp -->
        <test-method signature="loginToApp(java.lang.String, java.lang.String)[pri:0, instance:com.vtiger.testScript.DemoDataProvider@4313f5bc]" started-at="2021-05-30T00:03:40 IST" name="loginToApp" data-provider="provideCredentials" finished-at="2021-05-30T00:03:40 IST" duration-ms="1" status="PASS">
          <params>
            <param index="0">
              <value>
                <![CDATA[admin10]]>
              </value>
            </param>
            <param index="1">
              <value>
                <![CDATA[manager10]]>
              </value>
            </param>
          </params>
          <reporter-output>
          </reporter-output>
        </test-method> <!-- loginToApp -->
      </class> <!-- com.vtiger.testScript.DemoDataProvider -->
    </test> <!-- Default test -->
  </suite> <!-- Default suite -->
</testng-results>
